2025-05-01 21:50:22.039 +03:00 [WRN] Sensitive data logging is enabled. Log entries and exception messages may include sensitive application data; this mode should only be enabled during development.
2025-05-01 21:50:26.710 +03:00 [INF] HTTP GET /swagger/index.html responded 200 in 168.1848 ms
2025-05-01 21:50:27.153 +03:00 [INF] HTTP GET /swagger/v1/swagger.json responded 200 in 187.3043 ms
2025-05-01 21:50:55.161 +03:00 [INF] Getting all farm
2025-05-01 21:50:55.552 +03:00 [INF] HTTP GET /api/farms responded 200 in 508.5065 ms
2025-05-01 21:52:45.631 +03:00 [WRN] Sensitive data logging is enabled. Log entries and exception messages may include sensitive application data; this mode should only be enabled during development.
2025-05-01 21:52:48.804 +03:00 [INF] HTTP GET /swagger/index.html responded 200 in 116.8411 ms
2025-05-01 21:52:49.043 +03:00 [INF] HTTP GET /swagger/v1/swagger.json responded 200 in 124.3548 ms
2025-05-01 21:53:13.535 +03:00 [WRN] Sensitive data logging is enabled. Log entries and exception messages may include sensitive application data; this mode should only be enabled during development.
2025-05-01 21:53:16.005 +03:00 [INF] HTTP GET /swagger/index.html responded 200 in 116.8884 ms
2025-05-01 21:53:16.263 +03:00 [INF] HTTP GET /swagger/v1/swagger.json responded 200 in 126.6126 ms
2025-05-01 21:53:20.256 +03:00 [INF] Getting all farm
2025-05-01 21:53:20.628 +03:00 [INF] HTTP GET /api/farms responded 200 in 478.8564 ms
2025-05-01 21:53:33.164 +03:00 [INF] Getting all farm
2025-05-01 21:53:33.247 +03:00 [INF] HTTP GET /api/farms responded 200 in 92.1803 ms
2025-05-01 22:03:48.965 +03:00 [WRN] Sensitive data logging is enabled. Log entries and exception messages may include sensitive application data; this mode should only be enabled during development.
2025-05-01 22:03:51.924 +03:00 [INF] HTTP GET /swagger/index.html responded 200 in 114.7802 ms
2025-05-01 22:03:52.155 +03:00 [INF] HTTP GET /swagger/v1/swagger.json responded 200 in 117.1025 ms
2025-05-01 22:04:01.545 +03:00 [INF] Getting Farm 1 
2025-05-01 22:04:02.055 +03:00 [INF] HTTP GET /api/farms/1 responded 200 in 691.8452 ms
2025-05-01 22:16:22.139 +03:00 [WRN] Sensitive data logging is enabled. Log entries and exception messages may include sensitive application data; this mode should only be enabled during development.
2025-05-01 22:16:24.974 +03:00 [INF] HTTP GET /swagger/index.html responded 200 in 143.9313 ms
2025-05-01 22:16:25.216 +03:00 [INF] HTTP GET /swagger/v1/swagger.json responded 200 in 125.5512 ms
2025-05-01 22:17:47.591 +03:00 [INF] Getting all farm
2025-05-01 22:22:52.015 +03:00 [WRN] Sensitive data logging is enabled. Log entries and exception messages may include sensitive application data; this mode should only be enabled during development.
2025-05-01 22:22:54.896 +03:00 [INF] HTTP GET /swagger/index.html responded 200 in 113.7174 ms
2025-05-01 22:22:55.151 +03:00 [INF] HTTP GET /swagger/v1/swagger.json responded 200 in 117.3762 ms
2025-05-01 22:23:07.754 +03:00 [ERR] Failed to read parameter "LoginRequest login" from the request body as JSON.
Microsoft.AspNetCore.Http.BadHttpRequestException: Failed to read parameter "LoginRequest login" from the request body as JSON.
 ---> System.Text.Json.JsonException: The JSON object contains a trailing comma at the end which is not supported in this mode. Change the reader options. Path: $ | LineNumber: 6 | BytePositionInLine: 0.
 ---> System.Text.Json.JsonReaderException: The JSON object contains a trailing comma at the end which is not supported in this mode. Change the reader options. LineNumber: 6 | BytePositionInLine: 0.
   at System.Text.Json.ThrowHelper.ThrowJsonReaderException(Utf8JsonReader& json, ExceptionResource resource, Byte nextByte, ReadOnlySpan`1 bytes)
   at System.Text.Json.Utf8JsonReader.ConsumeNextToken(Byte marker)
   at System.Text.Json.Utf8JsonReader.ConsumeNextTokenOrRollback(Byte marker)
   at System.Text.Json.Utf8JsonReader.ReadSingleSegment()
   at System.Text.Json.Utf8JsonReader.Read()
   at System.Text.Json.Serialization.Converters.ObjectWithParameterizedConstructorConverter`1.ReadConstructorArgumentsWithContinuation(ReadStack& state, Utf8JsonReader& reader, JsonSerializerOptions options)
   at System.Text.Json.Serialization.Converters.ObjectWithParameterizedConstructorConverter`1.OnTryRead(Utf8JsonReader& reader, Type typeToConvert, JsonSerializerOptions options, ReadStack& state, T& value)
   at System.Text.Json.Serialization.Converters.JsonMetadataServicesConverter`1.OnTryRead(Utf8JsonReader& reader, Type typeToConvert, JsonSerializerOptions options, ReadStack& state, T& value)
   at System.Text.Json.Serialization.JsonConverter`1.TryRead(Utf8JsonReader& reader, Type typeToConvert, JsonSerializerOptions options, ReadStack& state, T& value, Boolean& isPopulatedValue)
   at System.Text.Json.Serialization.JsonConverter`1.ReadCore(Utf8JsonReader& reader, T& value, JsonSerializerOptions options, ReadStack& state)
   --- End of inner exception stack trace ---
   at System.Text.Json.ThrowHelper.ReThrowWithPath(ReadStack& state, JsonReaderException ex)
   at System.Text.Json.Serialization.JsonConverter`1.ReadCore(Utf8JsonReader& reader, T& value, JsonSerializerOptions options, ReadStack& state)
   at System.Text.Json.Serialization.Metadata.JsonTypeInfo`1.ContinueDeserialize(ReadBufferState& bufferState, JsonReaderState& jsonReaderState, ReadStack& readStack, T& value)
   at System.Text.Json.Serialization.Metadata.JsonTypeInfo`1.DeserializeAsync(Stream utf8Json, CancellationToken cancellationToken)
   at Microsoft.AspNetCore.Http.HttpRequestJsonExtensions.ReadFromJsonAsync[TValue](HttpRequest request, JsonTypeInfo`1 jsonTypeInfo, CancellationToken cancellationToken)
   at Microsoft.AspNetCore.Http.HttpRequestJsonExtensions.ReadFromJsonAsync[TValue](HttpRequest request, JsonTypeInfo`1 jsonTypeInfo, CancellationToken cancellationToken)
   at Microsoft.AspNetCore.Http.Generated.<GeneratedRouteBuilderExtensions_g>F69328E0708B4B584C5AACA22FE2C51A1CF192D6622828F613FC57C583CA77B63__GeneratedRouteBuilderExtensionsCore.TryResolveBodyAsync[T](HttpContext httpContext, <GeneratedRouteBuilderExtensions_g>F69328E0708B4B584C5AACA22FE2C51A1CF192D6622828F613FC57C583CA77B63__LogOrThrowExceptionHelper logOrThrowExceptionHelper, Boolean allowEmpty, String parameterTypeName, String parameterName, JsonTypeInfo`1 jsonTypeInfo, Boolean isInferred)
   --- End of inner exception stack trace ---
   at Microsoft.AspNetCore.Http.Generated.<GeneratedRouteBuilderExtensions_g>F69328E0708B4B584C5AACA22FE2C51A1CF192D6622828F613FC57C583CA77B63__LogOrThrowExceptionHelper.InvalidJsonRequestBody(String parameterTypeName, String parameterName, Exception exception)
   at Microsoft.AspNetCore.Http.Generated.<GeneratedRouteBuilderExtensions_g>F69328E0708B4B584C5AACA22FE2C51A1CF192D6622828F613FC57C583CA77B63__GeneratedRouteBuilderExtensionsCore.TryResolveBodyAsync[T](HttpContext httpContext, <GeneratedRouteBuilderExtensions_g>F69328E0708B4B584C5AACA22FE2C51A1CF192D6622828F613FC57C583CA77B63__LogOrThrowExceptionHelper logOrThrowExceptionHelper, Boolean allowEmpty, String parameterTypeName, String parameterName, JsonTypeInfo`1 jsonTypeInfo, Boolean isInferred)
   at Microsoft.AspNetCore.Http.Generated.<GeneratedRouteBuilderExtensions_g>F69328E0708B4B584C5AACA22FE2C51A1CF192D6622828F613FC57C583CA77B63__GeneratedRouteBuilderExtensionsCore.<>c__DisplayClass4_0.<<MapPost1>g__RequestHandler|4>d.MoveNext()
--- End of stack trace from previous location ---
   at Microsoft.AspNetCore.Authorization.AuthorizationMiddleware.Invoke(HttpContext context)
   at SmartAgricultureAPI.Middlewares.RequestTimeLoggingMiddleware.InvokeAsync(HttpContext context, RequestDelegate next) in C:\Users\ASUS\OneDrive\Desktop\Projects\Graduation Project\SmartAgriculture\SmartAgricultureAPI\Middlewares\RequestTimeLoggingMiddleware.cs:line 11
   at Microsoft.AspNetCore.Builder.UseMiddlewareExtensions.InterfaceMiddlewareBinder.<>c__DisplayClass2_0.<<CreateMiddleware>b__0>d.MoveNext()
--- End of stack trace from previous location ---
   at SmartAgricultureAPI.Middlewares.ErrorHandlingMiddleware.InvokeAsync(HttpContext context, RequestDelegate next) in C:\Users\ASUS\OneDrive\Desktop\Projects\Graduation Project\SmartAgriculture\SmartAgricultureAPI\Middlewares\ErrorHandlingMiddleware.cs:line 13
2025-05-01 22:23:07.806 +03:00 [ERR] HTTP POST /api/identity/login responded 500 in 153.6626 ms
2025-05-01 22:23:25.215 +03:00 [ERR] Failed to read parameter "LoginRequest login" from the request body as JSON.
Microsoft.AspNetCore.Http.BadHttpRequestException: Failed to read parameter "LoginRequest login" from the request body as JSON.
 ---> System.Text.Json.JsonException: The JSON object contains a trailing comma at the end which is not supported in this mode. Change the reader options. Path: $ | LineNumber: 6 | BytePositionInLine: 0.
 ---> System.Text.Json.JsonReaderException: The JSON object contains a trailing comma at the end which is not supported in this mode. Change the reader options. LineNumber: 6 | BytePositionInLine: 0.
   at System.Text.Json.ThrowHelper.ThrowJsonReaderException(Utf8JsonReader& json, ExceptionResource resource, Byte nextByte, ReadOnlySpan`1 bytes)
   at System.Text.Json.Utf8JsonReader.ConsumeNextToken(Byte marker)
   at System.Text.Json.Utf8JsonReader.ConsumeNextTokenOrRollback(Byte marker)
   at System.Text.Json.Utf8JsonReader.ReadSingleSegment()
   at System.Text.Json.Utf8JsonReader.Read()
   at System.Text.Json.Serialization.Converters.ObjectWithParameterizedConstructorConverter`1.ReadConstructorArgumentsWithContinuation(ReadStack& state, Utf8JsonReader& reader, JsonSerializerOptions options)
   at System.Text.Json.Serialization.Converters.ObjectWithParameterizedConstructorConverter`1.OnTryRead(Utf8JsonReader& reader, Type typeToConvert, JsonSerializerOptions options, ReadStack& state, T& value)
   at System.Text.Json.Serialization.Converters.JsonMetadataServicesConverter`1.OnTryRead(Utf8JsonReader& reader, Type typeToConvert, JsonSerializerOptions options, ReadStack& state, T& value)
   at System.Text.Json.Serialization.JsonConverter`1.TryRead(Utf8JsonReader& reader, Type typeToConvert, JsonSerializerOptions options, ReadStack& state, T& value, Boolean& isPopulatedValue)
   at System.Text.Json.Serialization.JsonConverter`1.ReadCore(Utf8JsonReader& reader, T& value, JsonSerializerOptions options, ReadStack& state)
   --- End of inner exception stack trace ---
   at System.Text.Json.ThrowHelper.ReThrowWithPath(ReadStack& state, JsonReaderException ex)
   at System.Text.Json.Serialization.JsonConverter`1.ReadCore(Utf8JsonReader& reader, T& value, JsonSerializerOptions options, ReadStack& state)
   at System.Text.Json.Serialization.Metadata.JsonTypeInfo`1.ContinueDeserialize(ReadBufferState& bufferState, JsonReaderState& jsonReaderState, ReadStack& readStack, T& value)
   at System.Text.Json.Serialization.Metadata.JsonTypeInfo`1.DeserializeAsync(Stream utf8Json, CancellationToken cancellationToken)
   at Microsoft.AspNetCore.Http.HttpRequestJsonExtensions.ReadFromJsonAsync[TValue](HttpRequest request, JsonTypeInfo`1 jsonTypeInfo, CancellationToken cancellationToken)
   at Microsoft.AspNetCore.Http.HttpRequestJsonExtensions.ReadFromJsonAsync[TValue](HttpRequest request, JsonTypeInfo`1 jsonTypeInfo, CancellationToken cancellationToken)
   at Microsoft.AspNetCore.Http.Generated.<GeneratedRouteBuilderExtensions_g>F69328E0708B4B584C5AACA22FE2C51A1CF192D6622828F613FC57C583CA77B63__GeneratedRouteBuilderExtensionsCore.TryResolveBodyAsync[T](HttpContext httpContext, <GeneratedRouteBuilderExtensions_g>F69328E0708B4B584C5AACA22FE2C51A1CF192D6622828F613FC57C583CA77B63__LogOrThrowExceptionHelper logOrThrowExceptionHelper, Boolean allowEmpty, String parameterTypeName, String parameterName, JsonTypeInfo`1 jsonTypeInfo, Boolean isInferred)
   --- End of inner exception stack trace ---
   at Microsoft.AspNetCore.Http.Generated.<GeneratedRouteBuilderExtensions_g>F69328E0708B4B584C5AACA22FE2C51A1CF192D6622828F613FC57C583CA77B63__LogOrThrowExceptionHelper.InvalidJsonRequestBody(String parameterTypeName, String parameterName, Exception exception)
   at Microsoft.AspNetCore.Http.Generated.<GeneratedRouteBuilderExtensions_g>F69328E0708B4B584C5AACA22FE2C51A1CF192D6622828F613FC57C583CA77B63__GeneratedRouteBuilderExtensionsCore.TryResolveBodyAsync[T](HttpContext httpContext, <GeneratedRouteBuilderExtensions_g>F69328E0708B4B584C5AACA22FE2C51A1CF192D6622828F613FC57C583CA77B63__LogOrThrowExceptionHelper logOrThrowExceptionHelper, Boolean allowEmpty, String parameterTypeName, String parameterName, JsonTypeInfo`1 jsonTypeInfo, Boolean isInferred)
   at Microsoft.AspNetCore.Http.Generated.<GeneratedRouteBuilderExtensions_g>F69328E0708B4B584C5AACA22FE2C51A1CF192D6622828F613FC57C583CA77B63__GeneratedRouteBuilderExtensionsCore.<>c__DisplayClass4_0.<<MapPost1>g__RequestHandler|4>d.MoveNext()
--- End of stack trace from previous location ---
   at Microsoft.AspNetCore.Authorization.AuthorizationMiddleware.Invoke(HttpContext context)
   at SmartAgricultureAPI.Middlewares.RequestTimeLoggingMiddleware.InvokeAsync(HttpContext context, RequestDelegate next) in C:\Users\ASUS\OneDrive\Desktop\Projects\Graduation Project\SmartAgriculture\SmartAgricultureAPI\Middlewares\RequestTimeLoggingMiddleware.cs:line 11
   at Microsoft.AspNetCore.Builder.UseMiddlewareExtensions.InterfaceMiddlewareBinder.<>c__DisplayClass2_0.<<CreateMiddleware>b__0>d.MoveNext()
--- End of stack trace from previous location ---
   at SmartAgricultureAPI.Middlewares.ErrorHandlingMiddleware.InvokeAsync(HttpContext context, RequestDelegate next) in C:\Users\ASUS\OneDrive\Desktop\Projects\Graduation Project\SmartAgriculture\SmartAgricultureAPI\Middlewares\ErrorHandlingMiddleware.cs:line 13
2025-05-01 22:23:25.222 +03:00 [ERR] HTTP POST /api/identity/login responded 500 in 49.4767 ms
2025-05-01 22:23:26.361 +03:00 [ERR] Failed to read parameter "LoginRequest login" from the request body as JSON.
Microsoft.AspNetCore.Http.BadHttpRequestException: Failed to read parameter "LoginRequest login" from the request body as JSON.
 ---> System.Text.Json.JsonException: The JSON object contains a trailing comma at the end which is not supported in this mode. Change the reader options. Path: $ | LineNumber: 6 | BytePositionInLine: 0.
 ---> System.Text.Json.JsonReaderException: The JSON object contains a trailing comma at the end which is not supported in this mode. Change the reader options. LineNumber: 6 | BytePositionInLine: 0.
   at System.Text.Json.ThrowHelper.ThrowJsonReaderException(Utf8JsonReader& json, ExceptionResource resource, Byte nextByte, ReadOnlySpan`1 bytes)
   at System.Text.Json.Utf8JsonReader.ConsumeNextToken(Byte marker)
   at System.Text.Json.Utf8JsonReader.ConsumeNextTokenOrRollback(Byte marker)
   at System.Text.Json.Utf8JsonReader.ReadSingleSegment()
   at System.Text.Json.Utf8JsonReader.Read()
   at System.Text.Json.Serialization.Converters.ObjectWithParameterizedConstructorConverter`1.ReadConstructorArgumentsWithContinuation(ReadStack& state, Utf8JsonReader& reader, JsonSerializerOptions options)
   at System.Text.Json.Serialization.Converters.ObjectWithParameterizedConstructorConverter`1.OnTryRead(Utf8JsonReader& reader, Type typeToConvert, JsonSerializerOptions options, ReadStack& state, T& value)
   at System.Text.Json.Serialization.Converters.JsonMetadataServicesConverter`1.OnTryRead(Utf8JsonReader& reader, Type typeToConvert, JsonSerializerOptions options, ReadStack& state, T& value)
   at System.Text.Json.Serialization.JsonConverter`1.TryRead(Utf8JsonReader& reader, Type typeToConvert, JsonSerializerOptions options, ReadStack& state, T& value, Boolean& isPopulatedValue)
   at System.Text.Json.Serialization.JsonConverter`1.ReadCore(Utf8JsonReader& reader, T& value, JsonSerializerOptions options, ReadStack& state)
   --- End of inner exception stack trace ---
   at System.Text.Json.ThrowHelper.ReThrowWithPath(ReadStack& state, JsonReaderException ex)
   at System.Text.Json.Serialization.JsonConverter`1.ReadCore(Utf8JsonReader& reader, T& value, JsonSerializerOptions options, ReadStack& state)
   at System.Text.Json.Serialization.Metadata.JsonTypeInfo`1.ContinueDeserialize(ReadBufferState& bufferState, JsonReaderState& jsonReaderState, ReadStack& readStack, T& value)
   at System.Text.Json.Serialization.Metadata.JsonTypeInfo`1.DeserializeAsync(Stream utf8Json, CancellationToken cancellationToken)
   at Microsoft.AspNetCore.Http.HttpRequestJsonExtensions.ReadFromJsonAsync[TValue](HttpRequest request, JsonTypeInfo`1 jsonTypeInfo, CancellationToken cancellationToken)
   at Microsoft.AspNetCore.Http.HttpRequestJsonExtensions.ReadFromJsonAsync[TValue](HttpRequest request, JsonTypeInfo`1 jsonTypeInfo, CancellationToken cancellationToken)
   at Microsoft.AspNetCore.Http.Generated.<GeneratedRouteBuilderExtensions_g>F69328E0708B4B584C5AACA22FE2C51A1CF192D6622828F613FC57C583CA77B63__GeneratedRouteBuilderExtensionsCore.TryResolveBodyAsync[T](HttpContext httpContext, <GeneratedRouteBuilderExtensions_g>F69328E0708B4B584C5AACA22FE2C51A1CF192D6622828F613FC57C583CA77B63__LogOrThrowExceptionHelper logOrThrowExceptionHelper, Boolean allowEmpty, String parameterTypeName, String parameterName, JsonTypeInfo`1 jsonTypeInfo, Boolean isInferred)
   --- End of inner exception stack trace ---
   at Microsoft.AspNetCore.Http.Generated.<GeneratedRouteBuilderExtensions_g>F69328E0708B4B584C5AACA22FE2C51A1CF192D6622828F613FC57C583CA77B63__LogOrThrowExceptionHelper.InvalidJsonRequestBody(String parameterTypeName, String parameterName, Exception exception)
   at Microsoft.AspNetCore.Http.Generated.<GeneratedRouteBuilderExtensions_g>F69328E0708B4B584C5AACA22FE2C51A1CF192D6622828F613FC57C583CA77B63__GeneratedRouteBuilderExtensionsCore.TryResolveBodyAsync[T](HttpContext httpContext, <GeneratedRouteBuilderExtensions_g>F69328E0708B4B584C5AACA22FE2C51A1CF192D6622828F613FC57C583CA77B63__LogOrThrowExceptionHelper logOrThrowExceptionHelper, Boolean allowEmpty, String parameterTypeName, String parameterName, JsonTypeInfo`1 jsonTypeInfo, Boolean isInferred)
   at Microsoft.AspNetCore.Http.Generated.<GeneratedRouteBuilderExtensions_g>F69328E0708B4B584C5AACA22FE2C51A1CF192D6622828F613FC57C583CA77B63__GeneratedRouteBuilderExtensionsCore.<>c__DisplayClass4_0.<<MapPost1>g__RequestHandler|4>d.MoveNext()
--- End of stack trace from previous location ---
   at Microsoft.AspNetCore.Authorization.AuthorizationMiddleware.Invoke(HttpContext context)
   at SmartAgricultureAPI.Middlewares.RequestTimeLoggingMiddleware.InvokeAsync(HttpContext context, RequestDelegate next) in C:\Users\ASUS\OneDrive\Desktop\Projects\Graduation Project\SmartAgriculture\SmartAgricultureAPI\Middlewares\RequestTimeLoggingMiddleware.cs:line 11
   at Microsoft.AspNetCore.Builder.UseMiddlewareExtensions.InterfaceMiddlewareBinder.<>c__DisplayClass2_0.<<CreateMiddleware>b__0>d.MoveNext()
--- End of stack trace from previous location ---
   at SmartAgricultureAPI.Middlewares.ErrorHandlingMiddleware.InvokeAsync(HttpContext context, RequestDelegate next) in C:\Users\ASUS\OneDrive\Desktop\Projects\Graduation Project\SmartAgriculture\SmartAgricultureAPI\Middlewares\ErrorHandlingMiddleware.cs:line 13
2025-05-01 22:23:26.372 +03:00 [ERR] HTTP POST /api/identity/login responded 500 in 52.9946 ms
2025-05-01 22:23:37.115 +03:00 [INF] HTTP POST /api/identity/login responded 200 in 591.7495 ms
2025-05-01 22:23:51.095 +03:00 [INF] HTTP POST /api/identity/login responded 200 in 191.4377 ms
2025-05-01 22:26:49.544 +03:00 [WRN] Sensitive data logging is enabled. Log entries and exception messages may include sensitive application data; this mode should only be enabled during development.
2025-05-01 22:26:52.497 +03:00 [INF] HTTP GET /swagger/index.html responded 200 in 110.5041 ms
2025-05-01 22:26:52.762 +03:00 [INF] HTTP GET /swagger/v1/swagger.json responded 200 in 113.4870 ms
2025-05-01 22:30:06.896 +03:00 [INF] Getting all farm
2025-05-01 22:30:07.246 +03:00 [INF] Request [GET] at /api/farms took 191370 ms
2025-05-01 22:30:07.249 +03:00 [INF] HTTP GET /api/farms responded 200 in 191377.9538 ms
2025-05-01 22:30:16.064 +03:00 [INF] Getting all farm
2025-05-01 22:30:16.147 +03:00 [INF] HTTP GET /api/farms responded 200 in 1929.1447 ms
2025-05-01 22:32:16.094 +03:00 [WRN] Sensitive data logging is enabled. Log entries and exception messages may include sensitive application data; this mode should only be enabled during development.
2025-05-01 22:32:18.826 +03:00 [INF] HTTP GET /swagger/index.html responded 200 in 124.7907 ms
2025-05-01 22:32:19.078 +03:00 [INF] HTTP GET /swagger/v1/swagger.json responded 200 in 111.2594 ms
2025-05-01 22:32:23.344 +03:00 [INF] HTTP GET /api/farms responded 401 in 19.3949 ms
2025-05-01 22:32:42.537 +03:00 [INF] HTTP POST /api/identity/login responded 200 in 426.4367 ms
2025-05-01 22:32:46.385 +03:00 [INF] HTTP GET /api/farms responded 401 in 2.7564 ms
2025-05-01 22:32:48.576 +03:00 [INF] HTTP GET /api/farms responded 401 in 1.1377 ms
2025-05-01 22:32:54.085 +03:00 [INF] HTTP POST /api/identity/login responded 200 in 152.6926 ms
2025-05-01 22:33:02.405 +03:00 [INF] HTTP GET /api/farms responded 401 in 0.1588 ms
2025-05-01 22:35:27.556 +03:00 [WRN] Sensitive data logging is enabled. Log entries and exception messages may include sensitive application data; this mode should only be enabled during development.
2025-05-01 22:35:30.172 +03:00 [INF] HTTP GET /swagger/index.html responded 200 in 118.3698 ms
2025-05-01 22:35:30.424 +03:00 [INF] HTTP GET /swagger/v1/swagger.json responded 200 in 116.6044 ms
2025-05-01 22:35:43.013 +03:00 [INF] HTTP GET /api/farms responded 401 in 10.2979 ms
2025-05-01 22:35:51.363 +03:00 [INF] HTTP GET /api/farms responded 401 in 2.3553 ms
2025-05-01 22:36:09.225 +03:00 [INF] Retrieving field: 6, for farm with id: 3
2025-05-01 22:36:09.595 +03:00 [INF] HTTP GET /api/farm/3/fields/6 responded 200 in 490.5119 ms
2025-05-01 22:36:13.935 +03:00 [INF] HTTP DELETE /api/farms/13 responded 401 in 1.1792 ms
2025-05-01 22:36:16.974 +03:00 [INF] HTTP POST /api/farms responded 401 in 0.1600 ms
2025-05-01 22:36:21.398 +03:00 [INF] HTTP POST /api/identity/login responded 200 in 308.8428 ms
2025-05-01 22:36:27.623 +03:00 [INF] HTTP DELETE /api/farms/13 responded 401 in 0.1390 ms
2025-05-01 22:36:30.930 +03:00 [INF] HTTP POST /api/farms responded 401 in 0.1217 ms
2025-05-01 22:36:32.902 +03:00 [INF] HTTP GET /api/farms responded 401 in 0.1802 ms
2025-05-01 22:37:51.714 +03:00 [WRN] Sensitive data logging is enabled. Log entries and exception messages may include sensitive application data; this mode should only be enabled during development.
2025-05-01 22:37:54.832 +03:00 [INF] HTTP GET /swagger/index.html responded 200 in 112.3754 ms
2025-05-01 22:37:55.078 +03:00 [INF] HTTP GET /swagger/v1/swagger.json responded 200 in 113.3358 ms
2025-05-01 22:37:57.676 +03:00 [INF] HTTP POST /api/identity/login responded 200 in 449.2161 ms
2025-05-01 22:38:33.516 +03:00 [INF] HTTP GET /api/farms responded 401 in 6.6728 ms
2025-05-01 22:38:36.230 +03:00 [INF] HTTP GET /api/farms responded 401 in 2.7626 ms
2025-05-01 22:38:47.329 +03:00 [INF] HTTP POST /api/identity/login responded 200 in 162.6577 ms
2025-05-01 22:39:12.640 +03:00 [INF] HTTP GET /api/farms responded 401 in 1.8639 ms
2025-05-01 22:39:16.727 +03:00 [INF] HTTP GET /api/farms/1 responded 401 in 0.2952 ms
2025-05-01 22:39:24.196 +03:00 [INF] HTTP POST /api/farms responded 401 in 0.1531 ms
2025-05-01 22:39:28.414 +03:00 [INF] HTTP GET /api/farms responded 401 in 0.2449 ms
2025-05-01 22:39:34.546 +03:00 [INF] HTTP GET /api/farms responded 401 in 0.1750 ms
2025-05-01 22:39:35.609 +03:00 [INF] HTTP GET /api/farms responded 401 in 0.1760 ms
2025-05-01 22:39:36.665 +03:00 [INF] HTTP GET /api/farms responded 401 in 0.1675 ms
2025-05-01 22:39:37.726 +03:00 [INF] HTTP GET /api/farms responded 401 in 0.1515 ms
2025-05-01 22:39:38.770 +03:00 [INF] HTTP GET /api/farms responded 401 in 0.2044 ms
2025-05-01 22:39:39.837 +03:00 [INF] HTTP GET /api/farms responded 401 in 0.1736 ms
2025-05-01 22:39:40.972 +03:00 [INF] HTTP GET /api/farms responded 401 in 0.1536 ms
2025-05-01 22:39:42.026 +03:00 [INF] HTTP GET /api/farms responded 401 in 0.1754 ms
2025-05-01 22:39:43.069 +03:00 [INF] HTTP GET /api/farms responded 401 in 0.3149 ms
2025-05-01 22:39:51.121 +03:00 [INF] HTTP GET /api/farms responded 401 in 0.4320 ms
2025-05-01 22:40:17.109 +03:00 [INF] HTTP GET /swagger/index.html responded 200 in 8.3052 ms
2025-05-01 22:40:17.214 +03:00 [INF] HTTP GET /swagger/v1/swagger.json responded 200 in 17.0535 ms
2025-05-01 22:40:21.075 +03:00 [INF] HTTP GET /api/farms responded 401 in 0.1634 ms
2025-05-01 22:40:22.746 +03:00 [INF] HTTP GET /api/farms responded 401 in 0.1495 ms
2025-05-01 22:40:31.958 +03:00 [INF] HTTP GET /api/farms responded 401 in 0.1593 ms
2025-05-01 22:40:32.048 +03:00 [INF] HTTP GET /swagger/index.html responded 200 in 9.3226 ms
2025-05-01 22:40:32.145 +03:00 [INF] HTTP GET /swagger/v1/swagger.json responded 200 in 11.0990 ms
2025-05-01 22:40:41.766 +03:00 [INF] Getting all farm
2025-05-01 22:40:41.950 +03:00 [INF] Request [GET] at /api/farms took 6861 ms
2025-05-01 22:40:41.953 +03:00 [INF] HTTP GET /api/farms responded 200 in 6865.8725 ms
2025-05-01 22:40:42.693 +03:00 [INF] HTTP GET /swagger/index.html responded 200 in 10.6311 ms
2025-05-01 22:40:42.797 +03:00 [INF] HTTP GET /swagger/v1/swagger.json responded 200 in 7.3945 ms
2025-05-01 22:40:47.171 +03:00 [INF] HTTP GET /api/farms responded 401 in 0.4134 ms
2025-05-01 22:40:48.688 +03:00 [INF] HTTP GET /api/farms responded 401 in 0.3561 ms
2025-05-01 22:40:53.324 +03:00 [INF] HTTP GET /api/farms responded 401 in 0.1330 ms
2025-05-01 22:45:24.463 +03:00 [WRN] Sensitive data logging is enabled. Log entries and exception messages may include sensitive application data; this mode should only be enabled during development.
2025-05-01 22:45:26.981 +03:00 [INF] HTTP GET /swagger/index.html responded 200 in 116.1881 ms
2025-05-01 22:45:27.300 +03:00 [INF] HTTP GET /swagger/v1/swagger.json responded 200 in 119.3365 ms
2025-05-01 22:45:52.227 +03:00 [INF] Getting all farm
2025-05-01 22:45:52.675 +03:00 [INF] HTTP GET /api/farms responded 200 in 3427.4122 ms
2025-05-01 22:46:06.999 +03:00 [INF] Getting Farm 1 
2025-05-01 22:46:07.175 +03:00 [INF] HTTP GET /api/farms/1 responded 200 in 238.6722 ms
2025-05-01 22:46:32.671 +03:00 [INF] Getting all farm
2025-05-01 22:46:32.683 +03:00 [INF] HTTP GET /api/farms responded 200 in 1561.1217 ms
2025-05-01 22:46:39.585 +03:00 [INF] HTTP GET /api/farms/1 responded 401 in 3.3582 ms
2025-05-01 22:46:55.363 +03:00 [INF] HTTP GET /api/farms/1 responded 401 in 0.4539 ms
2025-05-01 22:47:00.306 +03:00 [INF] HTTP GET /api/farms/1 responded 401 in 0.1779 ms
2025-05-01 22:47:00.798 +03:00 [INF] HTTP GET /api/farms/1 responded 401 in 0.1745 ms
2025-05-01 22:47:08.706 +03:00 [INF] HTTP GET /api/farms/1 responded 401 in 0.1661 ms
2025-05-01 22:47:10.796 +03:00 [INF] HTTP GET /api/farms/1 responded 401 in 0.1762 ms
2025-05-01 22:47:19.247 +03:00 [INF] HTTP GET /api/farms/1 responded 401 in 0.1765 ms
2025-05-01 22:47:20.912 +03:00 [INF] HTTP GET /api/farms/1 responded 401 in 0.1533 ms
2025-05-01 22:47:25.624 +03:00 [INF] HTTP GET /api/farms/1 responded 401 in 0.1675 ms
2025-05-01 22:47:28.570 +03:00 [INF] Getting all farm
2025-05-01 22:47:28.588 +03:00 [INF] HTTP GET /api/farms responded 200 in 1469.2826 ms
2025-05-01 22:49:53.901 +03:00 [INF] HTTP GET /api/farms/1 responded 401 in 0.2133 ms
2025-05-01 22:51:59.104 +03:00 [INF] HTTP GET /api/farms/1 responded 401 in 3.2495 ms
2025-05-01 22:52:10.903 +03:00 [INF] Getting all farm
2025-05-01 22:52:10.935 +03:00 [INF] HTTP GET /api/farms responded 200 in 1628.3174 ms
2025-05-01 22:53:47.797 +03:00 [INF] Getting all farm
2025-05-01 22:53:47.816 +03:00 [INF] Request [GET] at /api/farms took 10564 ms
2025-05-01 22:53:47.819 +03:00 [INF] HTTP GET /api/farms responded 200 in 10568.9800 ms
2025-05-01 22:53:53.570 +03:00 [INF] HTTP GET /api/farms/1 responded 401 in 0.3255 ms
2025-05-01 22:57:07.108 +03:00 [INF] Getting Farm 1 
2025-05-01 22:57:07.122 +03:00 [INF] HTTP GET /api/farms/1 responded 200 in 18.8619 ms
2025-05-01 22:57:20.681 +03:00 [INF] Getting Farm 3 
2025-05-01 22:57:20.686 +03:00 [INF] HTTP GET /api/farms/3 responded 200 in 6.9196 ms
2025-05-01 22:57:25.500 +03:00 [INF] Getting Farm 66 
2025-05-01 22:57:25.681 +03:00 [WRN] Farm with id 66 doesn't exist
2025-05-01 22:57:25.682 +03:00 [INF] HTTP GET /api/farms/66 responded 404 in 182.7785 ms
2025-05-01 22:57:51.089 +03:00 [WRN] Sensitive data logging is enabled. Log entries and exception messages may include sensitive application data; this mode should only be enabled during development.
2025-05-01 22:57:54.267 +03:00 [INF] HTTP GET /swagger/index.html responded 200 in 119.7182 ms
2025-05-01 22:57:54.513 +03:00 [INF] HTTP GET /swagger/v1/swagger.json responded 200 in 112.8882 ms
2025-05-01 22:58:02.737 +03:00 [INF] Getting all farm
2025-05-01 22:58:03.101 +03:00 [INF] HTTP GET /api/farms responded 200 in 4460.5445 ms
2025-05-01 22:58:07.457 +03:00 [INF] Getting Farm 1 
2025-05-01 22:58:07.601 +03:00 [INF] HTTP GET /api/farms/1 responded 200 in 186.7550 ms
2025-05-01 23:10:08.676 +03:00 [WRN] Sensitive data logging is enabled. Log entries and exception messages may include sensitive application data; this mode should only be enabled during development.
2025-05-01 23:10:11.896 +03:00 [INF] HTTP GET /swagger/index.html responded 200 in 126.4367 ms
2025-05-01 23:10:12.160 +03:00 [INF] HTTP GET /swagger/v1/swagger.json responded 200 in 125.0030 ms
2025-05-01 23:54:14.777 +03:00 [WRN] Sensitive data logging is enabled. Log entries and exception messages may include sensitive application data; this mode should only be enabled during development.
2025-05-01 23:54:21.934 +03:00 [WRN] Sensitive data logging is enabled. Log entries and exception messages may include sensitive application data; this mode should only be enabled during development.
2025-05-01 23:54:51.345 +03:00 [WRN] Sensitive data logging is enabled. Log entries and exception messages may include sensitive application data; this mode should only be enabled during development.
